2025-07-21 17:00:01 | [0;36mINFO:[0m === 🛡️ ArtNarrator Automated Backup Initialized ===
2025-07-21 17:00:01 | [0;36mINFO:[0m Checking for required tools...
2025-07-21 17:00:01 | [0;32mSUCCESS:[0m All required tools are present.
2025-07-21 17:00:01 | [0;36mINFO:[0m Creating full project backup ZIP archive...
2025-07-21 17:00:01 | [0;36mEXEC:[0m zip -r -q '/home/art/art/backups/backup_2025-07-21_17-00-01.zip' .         -x '.git/*' -x 'venv/*' -x 'node_modules/*' -x '__pycache__/*'         -x 'backups/*' -x 'logs/*' -x 'git-update-push-logs/*' -x 'dev-logs/*'         -x 'reports/*' -x '*.DS_Store' -x '.env' -x 'inputs/*' -x 'outputs/*'         -x 'uploads_temp/*' -x 'exports/*' -x 'art-uploads/*' -x 'audit/*'         -x 'assets/*' -x 'descriptions/*' -x 'gdws_content/*' -x 'mnt/*'
2025-07-21 17:00:02 | [0;32mSUCCESS:[0m Backup ZIP created: /home/art/art/backups/backup_2025-07-21_17-00-01.zip
2025-07-21 17:00:02 | [0;36mINFO:[0m Uploading backup to Google Drive (gdrive:artnarrator-backups)...
2025-07-21 17:00:02 | [0;36mEXEC:[0m rclone copy '/home/art/art/backups/backup_2025-07-21_17-00-01.zip' 'gdrive:artnarrator-backups' --progress
2025-07-21 17:00:04 | [0;36mINFO:[0m Applying cloud retention policy (keeping last 300 backups)...
2025-07-21 17:00:05 | [0;36mINFO:[0m Fewer than 300 backups in the cloud. No cleanup needed.
2025-07-21 17:00:05 | [0;36mINFO:[0m Cleaning up local backup files...
2025-07-21 17:00:05 | [0;36mEXEC:[0m rm -f '/home/art/art/backups/backup_2025-07-21_17-00-01.zip'
2025-07-21 17:00:05 | [0;32mSUCCESS:[0m 🎉 Automated backup workflow completed successfully. 💚
2025-07-22 05:00:01 | [0;36mINFO:[0m === 🛡️ ArtNarrator Automated Backup Initialized ===
2025-07-22 05:00:01 | [0;36mINFO:[0m Checking for required tools...
2025-07-22 05:00:01 | [0;32mSUCCESS:[0m All required tools are present.
2025-07-22 05:00:01 | [0;36mINFO:[0m Creating full project backup ZIP archive...
2025-07-22 05:00:01 | [0;36mEXEC:[0m zip -r -q '/home/art/art/backups/backup_2025-07-22_05-00-01.zip' .         -x '.git/*' -x 'venv/*' -x 'node_modules/*' -x '__pycache__/*'         -x 'backups/*' -x 'logs/*' -x 'git-update-push-logs/*' -x 'dev-logs/*'         -x 'reports/*' -x '*.DS_Store' -x '.env' -x 'inputs/*' -x 'outputs/*'         -x 'uploads_temp/*' -x 'exports/*' -x 'art-uploads/*' -x 'audit/*'         -x 'assets/*' -x 'descriptions/*' -x 'gdws_content/*' -x 'mnt/*'
2025-07-22 05:00:07 | [0;32mSUCCESS:[0m Backup ZIP created: /home/art/art/backups/backup_2025-07-22_05-00-01.zip
2025-07-22 05:00:07 | [0;36mINFO:[0m Uploading backup to Google Drive (gdrive:artnarrator-backups)...
2025-07-22 05:00:07 | [0;36mEXEC:[0m rclone copy '/home/art/art/backups/backup_2025-07-22_05-00-01.zip' 'gdrive:artnarrator-backups' --progress
2025-07-22 05:00:46 | [0;36mINFO:[0m Applying cloud retention policy (keeping last 300 backups)...
2025-07-22 05:00:47 | [0;36mINFO:[0m Fewer than 300 backups in the cloud. No cleanup needed.
2025-07-22 05:00:47 | [0;36mINFO:[0m Cleaning up local backup files...
2025-07-22 05:00:47 | [0;36mEXEC:[0m rm -f '/home/art/art/backups/backup_2025-07-22_05-00-01.zip'
2025-07-22 05:00:47 | [0;32mSUCCESS:[0m 🎉 Automated backup workflow completed successfully. 💚
2025-07-22 12:00:01 | [0;36mINFO:[0m === 🛡️ ArtNarrator Automated Backup Initialized ===
2025-07-22 12:00:01 | [0;36mINFO:[0m Checking for required tools...
2025-07-22 12:00:01 | [0;32mSUCCESS:[0m All required tools are present.
2025-07-22 12:00:01 | [0;36mINFO:[0m Creating full project backup ZIP archive...
2025-07-22 12:00:01 | [0;36mEXEC:[0m zip -r -q '/home/art/art/backups/backup_2025-07-22_12-00-01.zip' .         -x '.git/*' -x 'venv/*' -x 'node_modules/*' -x '__pycache__/*'         -x 'backups/*' -x 'logs/*' -x 'git-update-push-logs/*' -x 'dev-logs/*'         -x 'reports/*' -x '*.DS_Store' -x '.env' -x 'inputs/*' -x 'outputs/*'         -x 'uploads_temp/*' -x 'exports/*' -x 'art-uploads/*' -x 'audit/*'         -x 'assets/*' -x 'descriptions/*' -x 'gdws_content/*' -x 'mnt/*'
2025-07-22 12:00:06 | [0;32mSUCCESS:[0m Backup ZIP created: /home/art/art/backups/backup_2025-07-22_12-00-01.zip
2025-07-22 12:00:06 | [0;36mINFO:[0m Uploading backup to Google Drive (gdrive:artnarrator-backups)...
2025-07-22 12:00:06 | [0;36mEXEC:[0m rclone copy '/home/art/art/backups/backup_2025-07-22_12-00-01.zip' 'gdrive:artnarrator-backups' --progress
2025-07-22 12:00:43 | [0;36mINFO:[0m Applying cloud retention policy (keeping last 300 backups)...
2025-07-22 12:00:44 | [0;36mINFO:[0m Fewer than 300 backups in the cloud. No cleanup needed.
2025-07-22 12:00:44 | [0;36mINFO:[0m Cleaning up local backup files...
2025-07-22 12:00:44 | [0;36mEXEC:[0m rm -f '/home/art/art/backups/backup_2025-07-22_12-00-01.zip'
2025-07-22 12:00:44 | [0;32mSUCCESS:[0m 🎉 Automated backup workflow completed successfully. 💚
2025-07-22 17:00:01 | [0;36mINFO:[0m === 🛡️ ArtNarrator Automated Backup Initialized ===
2025-07-22 17:00:01 | [0;36mINFO:[0m Checking for required tools...
2025-07-22 17:00:01 | [0;32mSUCCESS:[0m All required tools are present.
2025-07-22 17:00:01 | [0;36mINFO:[0m Creating full project backup ZIP archive...
2025-07-22 17:00:01 | [0;36mEXEC:[0m zip -r -q '/home/art/art/backups/backup_2025-07-22_17-00-01.zip' .         -x '.git/*' -x 'venv/*' -x 'node_modules/*' -x '__pycache__/*'         -x 'backups/*' -x 'logs/*' -x 'git-update-push-logs/*' -x 'dev-logs/*'         -x 'reports/*' -x '*.DS_Store' -x '.env' -x 'inputs/*' -x 'outputs/*'         -x 'exports/*' -x 'art-uploads/*' -x 'audit/*'         -x 'assets/*' -x 'descriptions/*' -x 'gdws_content/*' -x 'mnt/*'
2025-07-22 17:00:02 | [0;32mSUCCESS:[0m Backup ZIP created: /home/art/art/backups/backup_2025-07-22_17-00-01.zip
2025-07-22 17:00:02 | [0;36mINFO:[0m Uploading backup to Google Drive (gdrive:artnarrator-backups)...
2025-07-22 17:00:02 | [0;36mEXEC:[0m rclone copy '/home/art/art/backups/backup_2025-07-22_17-00-01.zip' 'gdrive:artnarrator-backups' --progress
2025-07-22 17:00:04 | [0;36mINFO:[0m Applying cloud retention policy (keeping last 300 backups)...
2025-07-22 17:00:05 | [0;36mINFO:[0m Fewer than 300 backups in the cloud. No cleanup needed.
2025-07-22 17:00:05 | [0;36mINFO:[0m Cleaning up local backup files...
2025-07-22 17:00:05 | [0;36mEXEC:[0m rm -f '/home/art/art/backups/backup_2025-07-22_17-00-01.zip'
2025-07-22 17:00:05 | [0;32mSUCCESS:[0m 🎉 Automated backup workflow completed successfully. 💚
2025-07-23 05:00:01 | [0;36mINFO:[0m === 🛡️ ArtNarrator Automated Backup Initialized ===
2025-07-23 05:00:01 | [0;36mINFO:[0m Checking for required tools...
2025-07-23 05:00:01 | [0;32mSUCCESS:[0m All required tools are present.
2025-07-23 05:00:01 | [0;36mINFO:[0m Creating full project backup ZIP archive...
2025-07-23 05:00:01 | [0;36mEXEC:[0m zip -r -q '/home/art/art/backups/backup_2025-07-23_05-00-01.zip' .         -x '.git/*' -x 'venv/*' -x 'node_modules/*' -x '__pycache__/*'         -x 'backups/*' -x 'logs/*' -x 'git-update-push-logs/*' -x 'dev-logs/*'         -x 'reports/*' -x '*.DS_Store' -x '.env' -x 'inputs/*' -x 'outputs/*'         -x 'exports/*' -x 'art-uploads/*' -x 'audit/*'         -x 'assets/*' -x 'descriptions/*' -x 'gdws_content/*' -x 'mnt/*'
2025-07-23 05:00:03 | [0;32mSUCCESS:[0m Backup ZIP created: /home/art/art/backups/backup_2025-07-23_05-00-01.zip
2025-07-23 05:00:03 | [0;36mINFO:[0m Uploading backup to Google Drive (gdrive:artnarrator-backups)...
2025-07-23 05:00:03 | [0;36mEXEC:[0m rclone copy '/home/art/art/backups/backup_2025-07-23_05-00-01.zip' 'gdrive:artnarrator-backups' --progress
2025-07-23 05:00:05 | [0;36mINFO:[0m Applying cloud retention policy (keeping last 300 backups)...
2025-07-23 05:00:38 | [0;36mINFO:[0m Fewer than 300 backups in the cloud. No cleanup needed.
2025-07-23 05:00:38 | [0;36mINFO:[0m Cleaning up local backup files...
2025-07-23 05:00:38 | [0;36mEXEC:[0m rm -f '/home/art/art/backups/backup_2025-07-23_05-00-01.zip'
2025-07-23 05:00:38 | [0;32mSUCCESS:[0m 🎉 Automated backup workflow completed successfully. 💚
